0 info it worked if it ends with ok
1 verbose cli [ '/usr/local/bin/node',
1 verbose cli   '/usr/local/bin/npm',
1 verbose cli   'run',
1 verbose cli   'test',
1 verbose cli   '--require',
1 verbose cli   'babel-core',
1 verbose cli   'test/' ]
2 info using npm@3.10.3
3 info using node@v6.6.0
4 verbose run-script [ 'pretest', 'test', 'posttest' ]
5 info lifecycle singleton-class-decorator@1.0.0~pretest: singleton-class-decorator@1.0.0
6 silly lifecycle singleton-class-decorator@1.0.0~pretest: no script for pretest, continuing
7 info lifecycle singleton-class-decorator@1.0.0~test: singleton-class-decorator@1.0.0
8 verbose lifecycle singleton-class-decorator@1.0.0~test: unsafe-perm in lifecycle true
9 verbose lifecycle singleton-class-decorator@1.0.0~test: PATH: /usr/local/lib/node_modules/npm/bin/node-gyp-bin:/Users/julian/Documents/dev/cursos/es6-jspro/soluciones/tooling/node_modules/.bin:/usr/local/bin:/Users/julian/Library/Python/2.7/bin:/usr/local/bin:/usr/bin:/bin:/usr/sbin:/sbin:/usr/local/mysql/bin
10 verbose lifecycle singleton-class-decorator@1.0.0~test: CWD: /Users/julian/Documents/dev/cursos/es6-jspro/soluciones/tooling
11 silly lifecycle singleton-class-decorator@1.0.0~test: Args: [ '-c', 'mocha "babel-core" "test/"' ]
12 silly lifecycle singleton-class-decorator@1.0.0~test: Returned: code: 1  signal: null
13 info lifecycle singleton-class-decorator@1.0.0~test: Failed to exec test script
14 verbose stack Error: singleton-class-decorator@1.0.0 test: `mocha "babel-core" "test/"`
14 verbose stack Exit status 1
14 verbose stack     at EventEmitter.<anonymous> (/usr/local/lib/node_modules/npm/lib/utils/lifecycle.js:242:16)
14 verbose stack     at emitTwo (events.js:106:13)
14 verbose stack     at EventEmitter.emit (events.js:191:7)
14 verbose stack     at ChildProcess.<anonymous> (/usr/local/lib/node_modules/npm/lib/utils/spawn.js:40:14)
14 verbose stack     at emitTwo (events.js:106:13)
14 verbose stack     at ChildProcess.emit (events.js:191:7)
14 verbose stack     at maybeClose (internal/child_process.js:877:16)
14 verbose stack     at Process.ChildProcess._handle.onexit (internal/child_process.js:226:5)
15 verbose pkgid singleton-class-decorator@1.0.0
16 verbose cwd /Users/julian/Documents/dev/cursos/es6-jspro/soluciones/tooling
17 error Darwin 16.4.0
18 error argv "/usr/local/bin/node" "/usr/local/bin/npm" "run" "test" "--require" "babel-core" "test/"
19 error node v6.6.0
20 error npm  v3.10.3
21 error code ELIFECYCLE
22 error singleton-class-decorator@1.0.0 test: `mocha "babel-core" "test/"`
22 error Exit status 1
23 error Failed at the singleton-class-decorator@1.0.0 test script 'mocha "babel-core" "test/"'.
23 error Make sure you have the latest version of node.js and npm installed.
23 error If you do, this is most likely a problem with the singleton-class-decorator package,
23 error not with npm itself.
23 error Tell the author that this fails on your system:
23 error     mocha "babel-core" "test/"
23 error You can get information on how to open an issue for this project with:
23 error     npm bugs singleton-class-decorator
23 error Or if that isn't available, you can get their info via:
23 error     npm owner ls singleton-class-decorator
23 error There is likely additional logging output above.
24 verbose exit [ 1, true ]
